[VQEIsingSolver-3x3 - solver.py:304 - initialize_ansatz() ]                         ┌────────┐   ┌───────────────┐   ┌────────┐       ┌───────────────┐
(0, 0): ───H───Z^beta────@────────────X────────────────────────────────────@──────────────────X───X^alpha───────────────────────────────────────────────────
                         │                                                 │
(0, 1): ───H───X─────────┼────────────@───────────────────X───────────X────@^gamma────────────X───@─────────X^alpha─────────────────────────────────────────
                         │            │                                                           │
(0, 2): ───H───Z^beta────┼──────X─────┼──────@────────────X───────────────────────────────────────@^gamma───X^alpha─────────────────────────────────────────
                         │            │      │
(1, 0): ───H─────────────@^gamma──────┼──────┼──────X──────@──────────X────X────────────────────────────────@─────────X───X^alpha───────────────────────────
                                      │      │             │                                                │
(1, 1): ───H───Z^beta────X────────────@^gamma┼────────────X┼──────────X────@──────────────────X───X─────────@^gamma───X───@─────────X^alpha─────────────────
                                             │             │               │                                              │
(1, 2): ───H───Z^beta────X───────────────────@^gamma──────X┼──────────X────┼──────@───────────X───────────────────────────@^gamma───X^alpha─────────────────
                                                           │               │      │
(2, 0): ───H───X───────────────────────────────────────────@^gamma────X────┼──────┼──────X──────────────────@─────────X───X^alpha───────────────────────────
                                                                           │      │                         │
(2, 1): ───H───Z^beta────X─────────────────────────────────────────────────@^gamma┼───────────X───X─────────@^gamma───X───X─────────@─────────X───X^alpha───
                                                                                  │                                                 │
(2, 2): ───H───X──────────────────────────────────────────────────────────────────@^gamma─────X───X─────────────────────────────────@^gamma───X───X^alpha───
                        └────────┘   └───────────────┘   └────────┘       └───────────────┘
[VQEIsingSolver-3x3 - solver.py:456 - simulate() ] Minimum objective value is -2.74. Params to produce minimum are: cirq.ParamResolver({'alpha': 0.6666666666666666, 'beta': 0.0, 'gamma': 0.3333333333333333})
