[VQEIsingSolver-4x4 - solver.py:305 - initialize_ansatz() ]                         ┌───────────────┐   ┌──────────────┐   ┌──────────────┐             ┌────────┐
(0, 0): ───H───Z^beta────@───────────────────@──────────────────X^alpha────────────────────────────────────────────────────────────────────────────────────────
                         │                   │
(0, 1): ───H─────────────┼──────@────────────@^gamma──────────────────────────────@──────────X^alpha───────────────────────────────────────────────────────────
                         │      │                                                 │
(0, 2): ───H───Z^beta────┼──────┼──────X─────@──────────────────X─────────────────@^gamma────X^alpha───────────────────────────────────────────────────────────
                         │      │            │
(1, 0): ───H───Z^beta────@^gamma┼────────────┼──────X──────────────────@──────────X──────────@───────────X^alpha───────────────────────────────────────────────
                                │            │                         │                     │
(1, 1): ───H───Z^beta───────────@^gamma──────┼──────@──────────────────┼─────────────────────@^gamma─────X─────────────@─────────X─────────X^alpha─────────────
                                             │      │                  │                                               │
(1, 2): ───H───Z^beta────X───────────────────@^gamma┼───────────X──────┼──────────X──────────@───────────X─────────X───@^gamma───X─────────X^alpha─────────────
                                                    │                  │                     │
(2, 0): ───H───Z^beta────X──────────────────────────┼──────────────────@^gamma────X──────────┼──────X────@─────────X───X^alpha─────────────────────────────────
                                                    │                                        │           │
(2, 1): ───H────────────────────────────────────────@^gamma─────X────────────────────────────┼───────────@^gamma───X───X─────────@─────────X─────────X^alpha───
                                                                                             │                                   │
(2, 2): ───H───X─────────────────────────────────────────────────────────────────────────────@^gamma─────X─────────X─────────────@^gamma───X─────────X^alpha───
                        └───────────────┘   └──────────────┘   └──────────────┘             └────────┘
[VQEIsingSolver-4x4 - solver.py:458 - simulate() ] Minimum objective value is -2.62. Params to produce minimum are: cirq.ParamResolver({'alpha': 0.7777777777777778, 'beta': 0.5555555555555556, 'gamma': 0.5555555555555556})
